#
# A fatal error has been detected by the Java Runtime Environment:
#
#  SIGSEGV (0xb) at pc=0x00007f7991a05d9d, pid=5575, tid=140160110696192
#
# JRE version: Java(TM) SE Runtime Environment (8.0_74-b02) (build 1.8.0_74-b02)
# Java VM: Java HotSpot(TM) 64-Bit Server VM (25.74-b02 mixed mode linux-amd64 compressed oops)
# Problematic frame:
# C  [librxtxSerial.so+0x6d9d]  read_byte_array+0x3d
#
# Failed to write core dump. Core dumps have been disabled. To enable core dumping, try "ulimit -c unlimited" before starting Java again
#
# If you would like to submit a bug report, please visit:
#   http://bugreport.java.com/bugreport/crash.jsp
# The crash happened outside the Java Virtual Machine in native code.
# See problematic frame for where to report the bug.
#

---------------  T H R E A D  ---------------

Current thread (0x00007f79ac167800):  JavaThread "Thread-0" [_thread_in_native, id=5686, stack(0x00007f79918c1000,0x00007f79919c2000)]

siginfo: si_signo: 11 (SIGSEGV), si_code: 1 (SEGV_MAPERR), si_addr: 0xffffffff919c0448

Registers:
RAX=0xffffffff919c0440, RBX=0x00007f79500022f0, RCX=0x0000000000000001, RDX=0x00007f79b156c200
RSP=0x00007f79919bfa30, RBP=0x00007f79ac1679f8, RSI=0x00007f7991a08b25, RDI=0x00007f7991a08a9f
R8 =0x0000000000000009, R9 =0x0000000000000009, R10=0x0000000000000008, R11=0x00007f79ac167800
R12=0xffffffffffffffff, R13=0x0000000000000015, R14=0x0000000000000008, R15=0x00000000ffffffff
RIP=0x00007f7991a05d9d, EFLAGS=0x0000000000010206, CSGSFS=0x0000000000000033, ERR=0x0000000000000005
  TRAPNO=0x000000000000000e

Top of Stack: (sp=0x00007f79919bfa30)
0x00007f79919bfa30:   0000000000000000 0000000000000000
0x00007f79919bfa40:   0000001524048b48 00007f79500022f0
0x00007f79919bfa50:   0000000800000000 0000000000000000
0x00007f79919bfa60:   6b00746e65764574 6d0039006c003600
0x00007f79919bfa70:   0000000000000000 ffffffff919c0440
0x00007f79919bfa80:   0000000000000000 0000000000000000
0x00007f79919bfa90:   0000000000000000 0000000000000000
0x00007f79919bfaa0:   00000007919bfb10 00007f79919bfae0
0x00007f79919bfab0:   00007f79ac167800 00007f79919bfae0
0x00007f79919bfac0:   00007f79ac167800 0000000000000080
0x00007f79919bfad0:   00007f79919bfb40 00007f79b0c9629b
0x00007f79919bfae0:   00007f79500022f0 00007f79500022f0
0x00007f79919bfaf0:   0000000000000008 00007f79919bfb60
0x00007f79919bfb00:   00007f79ac1679f8 0000000000000015
0x00007f79919bfb10:   00000000ffffffff 00007f79500022f0
0x00007f79919bfb20:   00007f79ac1679f8 ffffffffffffffff
0x00007f79919bfb30:   0000000000000015 0000000000000008
0x00007f79919bfb40:   0000000000000000 00007f7991a06272
0x00007f79919bfb50:   00007f79ac167800 00007f79919bfc30
0x00007f79919bfb60:   00007f79919bfc38 00007f7993fc1fc8
0x00007f79919bfb70:   00007f79919bfc00 0000000000000000
0x00007f79919bfb80:   00007f7993fc1fc0 00007f79919bfc38
0x00007f79919bfb90:   00007f79ac167800 00007f799b8bee84
0x00007f79919bfba0:   00007f79919bfc00 00007f799b8be939
0x00007f79919bfbb0:   00007f79ac167800 00007f799b8be902
0x00007f79919bfbc0:   00007f79919bfbc0 00007f7993fc1fc0
0x00007f79919bfbd0:   00007f79919bfc38 00007f7993fd2b20
0x00007f79919bfbe0:   0000000000000000 00007f7993fc1fc8
0x00007f79919bfbf0:   0000000000000000 00007f79919bfc20
0x00007f79919bfc00:   00007f79919bfca0 00007f799b8a9710
0x00007f79919bfc10:   0000000000000000 00007f799b8b57d6
0x00007f79919bfc20:   0000000000000015 0000000000000000 

Instructions: (pc=0x00007f7991a05d9d)
0x00007f7991a05d7d:   4c 24 18 48 8d 15 17 2d 00 00 48 8d 0d 0e 2d 00
0x00007f7991a05d8d:   00 44 89 44 24 14 e8 88 c7 ff ff 48 89 44 24 48
0x00007f7991a05d9d:   8b 40 08 45 85 ff 48 8b 54 24 48 89 44 24 40 c7
0x00007f7991a05dad:   42 08 00 00 00 00 0f 88 bd 01 00 00 31 c0 e8 70 

Register to memory mapping:

RAX=0xffffffff919c0440 is an unknown value
RBX=0x00007f79500022f0 is an unknown value
RCX=0x0000000000000001 is an unknown value
RDX=0x00007f79b156c200: <offset 0xfb1200> in /home/nfeng/jdk1.8.0_74/jre/lib/amd64/server/libjvm.so at 0x00007f79b05bb000
RSP=0x00007f79919bfa30 is pointing into the stack for thread: 0x00007f79ac167800
RBP=0x00007f79ac1679f8 is an unknown value
RSI=0x00007f7991a08b25: <offset 0x9b25> in /home/nfeng/jdk1.8.0_74/jre/lib/amd64/librxtxSerial.so at 0x00007f79919ff000
RDI=0x00007f7991a08a9f: <offset 0x9a9f> in /home/nfeng/jdk1.8.0_74/jre/lib/amd64/librxtxSerial.so at 0x00007f79919ff000
R8 =0x0000000000000009 is an unknown value
R9 =0x0000000000000009 is an unknown value
R10=0x0000000000000008 is an unknown value
R11=0x00007f79ac167800 is a thread
R12=0xffffffffffffffff is an unknown value
R13=0x0000000000000015 is an unknown value
R14=0x0000000000000008 is an unknown value
R15=0x00000000ffffffff is an unknown value


Stack: [0x00007f79918c1000,0x00007f79919c2000],  sp=0x00007f79919bfa30,  free space=1018k
Native frames: (J=compiled Java code, j=interpreted, Vv=VM code, C=native code)
C  [librxtxSerial.so+0x6d9d]  read_byte_array+0x3d

Java frames: (J=compiled Java code, j=interpreted, Vv=VM code)
j  gnu.io.RXTXPort.readArray([BII)I+0
j  gnu.io.RXTXPort$SerialInputStream.read([BII)I+212
j  gnu.io.RXTXPort$SerialInputStream.read([B)I+60
j  serial.Clock.serialEvent(Lgnu/io/SerialPortEvent;)V+89
j  gnu.io.RXTXPort.sendEvent(IZ)Z+382
v  ~StubRoutines::call_stub
j  gnu.io.RXTXPort.eventLoop()V+0
j  gnu.io.RXTXPort$MonitorThread.run()V+12
v  ~StubRoutines::call_stub

---------------  P R O C E S S  ---------------

Java Threads: ( => current thread )
=>0x00007f79ac167800 JavaThread "Thread-0" [_thread_in_native, id=5686, stack(0x00007f79918c1000,0x00007f79919c2000)]
  0x00007f79ac0e4800 JavaThread "Service Thread" daemon [_thread_blocked, id=5603, stack(0x00007f7991d0d000,0x00007f7991e0e000)]
  0x00007f79ac0cf000 JavaThread "C1 CompilerThread2" daemon [_thread_blocked, id=5602, stack(0x00007f7991e0e000,0x00007f7991f0f000)]
  0x00007f79ac0cd000 JavaThread "C2 CompilerThread1" daemon [_thread_blocked, id=5601, stack(0x00007f7991f0f000,0x00007f7992010000)]
  0x00007f79ac0ca000 JavaThread "C2 CompilerThread0" daemon [_thread_blocked, id=5600, stack(0x00007f7992010000,0x00007f7992111000)]
  0x00007f7970001000 JavaThread "JDWP Command Reader" daemon [_thread_in_native, id=5596, stack(0x00007f7992111000,0x00007f7992212000)]
  0x00007f79ac0c8000 JavaThread "JDWP Event Helper Thread" daemon [_thread_blocked, id=5595, stack(0x00007f7992212000,0x00007f7992313000)]
  0x00007f79ac0c4800 JavaThread "JDWP Transport Listener: dt_socket" daemon [_thread_blocked, id=5592, stack(0x00007f7992313000,0x00007f7992414000)]
  0x00007f79ac0b8000 JavaThread "Signal Dispatcher" daemon [_thread_blocked, id=5590, stack(0x00007f7992618000,0x00007f7992719000)]
  0x00007f79ac086000 JavaThread "Finalizer" daemon [_thread_blocked, id=5589, stack(0x00007f7992719000,0x00007f799281a000)]
  0x00007f79ac081800 JavaThread "Reference Handler" daemon [_thread_blocked, id=5588, stack(0x00007f799281a000,0x00007f799291b000)]
  0x00007f79ac00c000 JavaThread "main" [_thread_blocked, id=5581, stack(0x00007f79b208d000,0x00007f79b218e000)]

Other Threads:
  0x00007f79ac07a000 VMThread [stack: 0x00007f799291b000,0x00007f7992a1c000] [id=5587]
  0x00007f79ac0f7800 WatcherThread [stack: 0x00007f7991c0c000,0x00007f7991d0d000] [id=5604]

VM state:not at safepoint (normal execution)

VM Mutex/Monitor currently owned by a thread: None

Heap:
 PSYoungGen      total 56320K, used 4865K [0x0000000781a00000, 0x0000000785880000, 0x00000007c0000000)
  eden space 48640K, 10% used [0x0000000781a00000,0x0000000781ec0458,0x0000000784980000)
  from space 7680K, 0% used [0x0000000785100000,0x0000000785100000,0x0000000785880000)
  to   space 7680K, 0% used [0x0000000784980000,0x0000000784980000,0x0000000785100000)
 ParOldGen       total 128512K, used 0K [0x0000000704e00000, 0x000000070cb80000, 0x0000000781a00000)
  object space 128512K, 0% used [0x0000000704e00000,0x0000000704e00000,0x000000070cb80000)
 Metaspace       used 3788K, capacity 4686K, committed 4864K, reserved 1056768K
  class space    used 404K, capacity 430K, committed 512K, reserved 1048576K

Card table byte_map: [0x00007f799af08000,0x00007f799b4e2000] byte_map_base: 0x00007f79976e1000

Marking Bits: (ParMarkBitMap*) 0x00007f79b1570260
 Begin Bits: [0x00007f799498e000, 0x00007f7997856000)
 End Bits:   [0x00007f7997856000, 0x00007f799a71e000)

Polling page: 0x00007f79b21bd000

CodeCache: size=245760Kb used=1296Kb max_used=1296Kb free=244463Kb
 bounds [0x00007f799b8a2000, 0x00007f799bb12000, 0x00007f79aa8a2000]
 total_blobs=354 nmethods=103 adapters=173
 compilation: enabled

Compilation events (10 events):
Event: 13.348 Thread 0x00007f79ac0cf000   99       3       java.util.zip.ZStreamRef::address (5 bytes)
Event: 13.348 Thread 0x00007f79ac0cf000 nmethod 99 0x00007f799b9dfe10 code [0x00007f799b9dff60, 0x00007f799b9e00b0]
Event: 13.348 Thread 0x00007f79ac0cf000  100       1       java.net.URL::getRef (5 bytes)
Event: 13.348 Thread 0x00007f79ac0cf000 nmethod 100 0x00007f799b9dfb50 code [0x00007f799b9dfca0, 0x00007f799b9dfdb0]
Event: 13.352 Thread 0x00007f79ac0cf000  101       3       java.lang.StringBuilder::<init> (7 bytes)
Event: 13.353 Thread 0x00007f79ac0cf000 nmethod 101 0x00007f799b9e4a90 code [0x00007f799b9e4c00, 0x00007f799b9e4eb0]
Event: 13.353 Thread 0x00007f79ac0cf000  102       3       java.util.Arrays::copyOf (19 bytes)
Event: 13.353 Thread 0x00007f79ac0cf000 nmethod 102 0x00007f799b9e4fd0 code [0x00007f799b9e5160, 0x00007f799b9e5488]
Event: 13.370 Thread 0x00007f79ac0cf000  103       3       java.lang.String::indexOf (166 bytes)
Event: 13.371 Thread 0x00007f79ac0cf000 nmethod 103 0x00007f799b9e55d0 code [0x00007f799b9e5780, 0x00007f799b9e5dd0]

GC Heap History (0 events):
No events

Deoptimization events (0 events):
No events

Internal exceptions (10 events):
Event: 0.124 Thread 0x00007f79ac00c000 Exception <a 'java/security/PrivilegedActionException'> (0x0000000781a5c338) thrown at [/HUDSON3/workspace/8-2-build-linux-amd64/jdk8u74/6087/hotspot/src/share/vm/prims/jvm.cpp, line 1386]
Event: 0.124 Thread 0x00007f79ac00c000 Exception <a 'java/security/PrivilegedActionException'> (0x0000000781a5c548) thrown at [/HUDSON3/workspace/8-2-build-linux-amd64/jdk8u74/6087/hotspot/src/share/vm/prims/jvm.cpp, line 1386]
Event: 0.147 Thread 0x00007f79ac00c000 Exception <a 'java/io/FileNotFoundException'> (0x0000000781aa2108) thrown at [/HUDSON3/workspace/8-2-build-linux-amd64/jdk8u74/6087/hotspot/src/share/vm/prims/jni.cpp, line 709]
Event: 0.152 Thread 0x00007f79ac00c000 Exception <a 'java/io/FileNotFoundException'> (0x0000000781aa3240) thrown at [/HUDSON3/workspace/8-2-build-linux-amd64/jdk8u74/6087/hotspot/src/share/vm/prims/jni.cpp, line 709]
Event: 0.155 Thread 0x00007f79ac00c000 Exception <a 'java/io/FileNotFoundException'> (0x0000000781ab56e0) thrown at [/HUDSON3/workspace/8-2-build-linux-amd64/jdk8u74/6087/hotspot/src/share/vm/prims/jni.cpp, line 709]
Event: 0.157 Thread 0x00007f79ac00c000 Exception <a 'java/io/FileNotFoundException'> (0x0000000781ab65f8) thrown at [/HUDSON3/workspace/8-2-build-linux-amd64/jdk8u74/6087/hotspot/src/share/vm/prims/jni.cpp, line 709]
Event: 0.172 Thread 0x00007f79ac00c000 Exception <a 'java/security/PrivilegedActionException'> (0x0000000781cf42c8) thrown at [/HUDSON3/workspace/8-2-build-linux-amd64/jdk8u74/6087/hotspot/src/share/vm/prims/jvm.cpp, line 1386]
Event: 0.172 Thread 0x00007f79ac00c000 Exception <a 'java/security/PrivilegedActionException'> (0x0000000781cf46c0) thrown at [/HUDSON3/workspace/8-2-build-linux-amd64/jdk8u74/6087/hotspot/src/share/vm/prims/jvm.cpp, line 1386]
Event: 0.172 Thread 0x00007f79ac00c000 Exception <a 'java/security/PrivilegedActionException'> (0x0000000781cf6ba8) thrown at [/HUDSON3/workspace/8-2-build-linux-amd64/jdk8u74/6087/hotspot/src/share/vm/prims/jvm.cpp, line 1386]
Event: 0.172 Thread 0x00007f79ac00c000 Exception <a 'java/security/PrivilegedActionException'> (0x0000000781cf6fa0) thrown at [/HUDSON3/workspace/8-2-build-linux-amd64/jdk8u74/6087/hotspot/src/share/vm/prims/jvm.cpp, line 1386]

Events (10 events):
Event: 13.373 loading class sun/nio/cs/Surrogate$Parser
Event: 13.373 loading class sun/nio/cs/Surrogate$Parser done
Event: 13.373 loading class sun/nio/cs/Surrogate
Event: 13.373 loading class sun/nio/cs/Surrogate done
Event: 13.373 loading class sun/nio/cs/ISO_8859_1$Decoder
Event: 13.373 loading class sun/nio/cs/ISO_8859_1$Decoder done
Event: 13.398 loading class java/nio/DirectByteBuffer$Deallocator
Event: 13.398 loading class java/nio/DirectByteBuffer$Deallocator done
Event: 13.398 Executing VM operation: RevokeBias
Event: 13.398 Executing VM operation: RevokeBias done


Dynamic libraries:
00400000-00401000 r-xp 00000000 08:08 133073                             /home/nfeng/jdk1.8.0_74/bin/java
00600000-00601000 rw-p 00000000 08:08 133073                             /home/nfeng/jdk1.8.0_74/bin/java
007f5000-00816000 rw-p 00000000 00:00 0                                  [heap]
704e00000-70cb80000 rw-p 00000000 00:00 0 
70cb80000-781a00000 ---p 00000000 00:00 0 
781a00000-785880000 rw-p 00000000 00:00 0 
785880000-7c0000000 ---p 00000000 00:00 0 
7c0000000-7c0080000 rw-p 00000000 00:00 0 
7c0080000-800000000 ---p 00000000 00:00 0 
7f7944000000-7f7944021000 rw-p 00000000 00:00 0 
7f7944021000-7f7948000000 ---p 00000000 00:00 0 
7f794c000000-7f794c021000 rw-p 00000000 00:00 0 
7f794c021000-7f7950000000 ---p 00000000 00:00 0 
7f7950000000-7f7950021000 rw-p 00000000 00:00 0 
7f7950021000-7f7954000000 ---p 00000000 00:00 0 
7f7954000000-7f795416f000 rw-p 00000000 00:00 0 
7f795416f000-7f7958000000 ---p 00000000 00:00 0 
7f7958000000-7f7958021000 rw-p 00000000 00:00 0 
7f7958021000-7f795c000000 ---p 00000000 00:00 0 
7f795c000000-7f795c06e000 rw-p 00000000 00:00 0 
7f795c06e000-7f7960000000 ---p 00000000 00:00 0 
7f7960000000-7f7960021000 rw-p 00000000 00:00 0 
7f7960021000-7f7964000000 ---p 00000000 00:00 0 
7f7964000000-7f7964021000 rw-p 00000000 00:00 0 
7f7964021000-7f7968000000 ---p 00000000 00:00 0 
7f7968000000-7f7968021000 rw-p 00000000 00:00 0 
7f7968021000-7f796c000000 ---p 00000000 00:00 0 
7f796c000000-7f796c021000 rw-p 00000000 00:00 0 
7f796c021000-7f7970000000 ---p 00000000 00:00 0 
7f7970000000-7f7970021000 rw-p 00000000 00:00 0 
7f7970021000-7f7974000000 ---p 00000000 00:00 0 
7f7974000000-7f7974021000 rw-p 00000000 00:00 0 
7f7974021000-7f7978000000 ---p 00000000 00:00 0 
7f7978000000-7f7978021000 rw-p 00000000 00:00 0 
7f7978021000-7f797c000000 ---p 00000000 00:00 0 
7f797c000000-7f797c021000 rw-p 00000000 00:00 0 
7f797c021000-7f7980000000 ---p 00000000 00:00 0 
7f7980000000-7f7980021000 rw-p 00000000 00:00 0 
7f7980021000-7f7984000000 ---p 00000000 00:00 0 
7f7984000000-7f7984021000 rw-p 00000000 00:00 0 
7f7984021000-7f7988000000 ---p 00000000 00:00 0 
7f7988000000-7f7988021000 rw-p 00000000 00:00 0 
7f7988021000-7f798c000000 ---p 00000000 00:00 0 
7f798c000000-7f798c021000 rw-p 00000000 00:00 0 
7f798c021000-7f7990000000 ---p 00000000 00:00 0 
7f79917c0000-7f79917c3000 ---p 00000000 00:00 0 
7f79917c3000-7f79918c1000 rw-p 00000000 00:00 0 
7f79918c1000-7f79918c4000 ---p 00000000 00:00 0 
7f79918c4000-7f79919c2000 rw-p 00000000 00:00 0 
7f79919c2000-7f79919de000 r--s 00393000 08:08 133236                     /home/nfeng/jdk1.8.0_74/jre/lib/ext/cldrdata.jar
7f79919de000-7f79919ff000 r--p 00000000 08:0a 1452159                    /usr/share/locale-langpack/zh_CN/LC_MESSAGES/libc.mo
7f79919ff000-7f7991a0c000 r-xp 00000000 08:08 141317                     /home/nfeng/jdk1.8.0_74/jre/lib/amd64/librxtxSerial.so
7f7991a0c000-7f7991c0b000 ---p 0000d000 08:08 141317                     /home/nfeng/jdk1.8.0_74/jre/lib/amd64/librxtxSerial.so
7f7991c0b000-7f7991c0c000 rw-p 0000c000 08:08 141317                     /home/nfeng/jdk1.8.0_74/jre/lib/amd64/librxtxSerial.so
7f7991c0c000-7f7991c0d000 ---p 00000000 00:00 0 
7f7991c0d000-7f7991d0d000 rw-p 00000000 00:00 0 
7f7991d0d000-7f7991d10000 ---p 00000000 00:00 0 
7f7991d10000-7f7991e0e000 rw-p 00000000 00:00 0 
7f7991e0e000-7f7991e11000 ---p 00000000 00:00 0 
7f7991e11000-7f7991f0f000 rw-p 00000000 00:00 0 
7f7991f0f000-7f7991f12000 ---p 00000000 00:00 0 
7f7991f12000-7f7992010000 rw-p 00000000 00:00 0 
7f7992010000-7f7992013000 ---p 00000000 00:00 0 
7f7992013000-7f7992111000 rw-p 00000000 00:00 0 
7f7992111000-7f7992114000 ---p 00000000 00:00 0 
7f7992114000-7f7992212000 rw-p 00000000 00:00 0 
7f7992212000-7f7992215000 ---p 00000000 00:00 0 
7f7992215000-7f7992313000 rw-p 00000000 00:00 0 
7f7992313000-7f7992316000 ---p 00000000 00:00 0 
7f7992316000-7f7992414000 rw-p 00000000 00:00 0 
7f7992414000-7f7992418000 r-xp 00000000 08:08 133196                     /home/nfeng/jdk1.8.0_74/jre/lib/amd64/libdt_socket.so
7f7992418000-7f7992617000 ---p 00004000 08:08 133196                     /home/nfeng/jdk1.8.0_74/jre/lib/amd64/libdt_socket.so
7f7992617000-7f7992618000 rw-p 00003000 08:08 133196                     /home/nfeng/jdk1.8.0_74/jre/lib/amd64/libdt_socket.so
7f7992618000-7f799261b000 ---p 00000000 00:00 0 
7f799261b000-7f7992719000 rw-p 00000000 00:00 0 
7f7992719000-7f799271c000 ---p 00000000 00:00 0 
7f799271c000-7f799281a000 rw-p 00000000 00:00 0 
7f799281a000-7f799281d000 ---p 00000000 00:00 0 
7f799281d000-7f799291b000 rw-p 00000000 00:00 0 
7f799291b000-7f799291c000 ---p 00000000 00:00 0 
7f799291c000-7f79939dd000 rw-p 00000000 00:00 0 
7f79939dd000-7f7993bb5000 r--s 03d1d000 08:08 133149                     /home/nfeng/jdk1.8.0_74/jre/lib/rt.jar
7f7993bb5000-7f7993ff5000 rw-p 00000000 00:00 0 
7f7993ff5000-7f79943b5000 ---p 00000000 00:00 0 
7f79943b5000-7f799a71e000 rw-p 00000000 00:00 0 
7f799a71e000-7f799a71f000 ---p 00000000 00:00 0 
7f799a71f000-7f799a81f000 rw-p 00000000 00:00 0 
7f799a81f000-7f799a820000 ---p 00000000 00:00 0 
7f799a820000-7f799a920000 rw-p 00000000 00:00 0 
7f799a920000-7f799a921000 ---p 00000000 00:00 0 
7f799a921000-7f799aa21000 rw-p 00000000 00:00 0 
7f799aa21000-7f799aa22000 ---p 00000000 00:00 0 
7f799aa22000-7f799ab61000 rw-p 00000000 00:00 0 
7f799ab61000-7f799af08000 ---p 00000000 00:00 0 
7f799af08000-7f799af47000 rw-p 00000000 00:00 0 
7f799af47000-7f799b2ee000 ---p 00000000 00:00 0 
7f799b2ee000-7f799b30e000 rw-p 00000000 00:00 0 
7f799b30e000-7f799b4e1000 ---p 00000000 00:00 0 
7f799b4e1000-7f799b4ec000 rw-p 00000000 00:00 0 
7f799b4ec000-7f799b8a2000 ---p 00000000 00:00 0 
7f799b8a2000-7f799bb12000 rwxp 00000000 00:00 0 
7f799bb12000-7f79aa8a2000 ---p 00000000 00:00 0 
7f79aa8a2000-7f79aa8bc000 r-xp 00000000 08:08 133178                     /home/nfeng/jdk1.8.0_74/jre/lib/amd64/libzip.so
7f79aa8bc000-7f79aaabc000 ---p 0001a000 08:08 133178                     /home/nfeng/jdk1.8.0_74/jre/lib/amd64/libzip.so
7f79aaabc000-7f79aaabd000 rw-p 0001a000 08:08 133178                     /home/nfeng/jdk1.8.0_74/jre/lib/amd64/libzip.so
7f79aaabd000-7f79aaac8000 r-xp 00000000 08:0a 1711633                    /lib/x86_64-linux-gnu/libnss_files-2.23.so
7f79aaac8000-7f79aacc7000 ---p 0000b000 08:0a 1711633                    /lib/x86_64-linux-gnu/libnss_files-2.23.so
7f79aacc7000-7f79aacc8000 r--p 0000a000 08:0a 1711633                    /lib/x86_64-linux-gnu/libnss_files-2.23.so
7f79aacc8000-7f79aacc9000 rw-p 0000b000 08:0a 1711633                    /lib/x86_64-linux-gnu/libnss_files-2.23.so
7f79aacc9000-7f79aaccf000 rw-p 00000000 00:00 0 
7f79aaccf000-7f79aacda000 r-xp 00000000 08:0a 1711630                    /lib/x86_64-linux-gnu/libnss_nis-2.23.so
7f79aacda000-7f79aaed9000 ---p 0000b000 08:0a 1711630                    /lib/x86_64-linux-gnu/libnss_nis-2.23.so
7f79aaed9000-7f79aaeda000 r--p 0000a000 08:0a 1711630                    /lib/x86_64-linux-gnu/libnss_nis-2.23.so
7f79aaeda000-7f79aaedb000 rw-p 0000b000 08:0a 1711630                    /lib/x86_64-linux-gnu/libnss_nis-2.23.so
7f79aaedb000-7f79aaef1000 r-xp 00000000 08:0a 1711628                    /lib/x86_64-linux-gnu/libnsl-2.23.so
7f79aaef1000-7f79ab0f0000 ---p 00016000 08:0a 1711628                    /lib/x86_64-linux-gnu/libnsl-2.23.so
7f79ab0f0000-7f79ab0f1000 r--p 00015000 08:0a 1711628                    /lib/x86_64-linux-gnu/libnsl-2.23.so
7f79ab0f1000-7f79ab0f2000 rw-p 00016000 08:0a 1711628                    /lib/x86_64-linux-gnu/libnsl-2.23.so
7f79ab0f2000-7f79ab0f4000 rw-p 00000000 00:00 0 
7f79ab0f4000-7f79ab0fc000 r-xp 00000000 08:0a 1711626                    /lib/x86_64-linux-gnu/libnss_compat-2.23.so
7f79ab0fc000-7f79ab2fb000 ---p 00008000 08:0a 1711626                    /lib/x86_64-linux-gnu/libnss_compat-2.23.so
7f79ab2fb000-7f79ab2fc000 r--p 00007000 08:0a 1711626                    /lib/x86_64-linux-gnu/libnss_compat-2.23.so
7f79ab2fc000-7f79ab2fd000 rw-p 00008000 08:0a 1711626                    /lib/x86_64-linux-gnu/libnss_compat-2.23.so
7f79ab2fd000-7f79ab788000 r--p 00000000 08:0a 915871                     /usr/lib/locale/locale-archive
7f79ab788000-7f79ab78a000 r-xp 00000000 08:08 133186                     /home/nfeng/jdk1.8.0_74/jre/lib/amd64/libnpt.so
7f79ab78a000-7f79ab98a000 ---p 00002000 08:08 133186                     /home/nfeng/jdk1.8.0_74/jre/lib/amd64/libnpt.so
7f79ab98a000-7f79ab98b000 rw-p 00002000 08:08 133186                     /home/nfeng/jdk1.8.0_74/jre/lib/amd64/libnpt.so
7f79ab98b000-7f79ab9c4000 r-xp 00000000 08:08 133154                     /home/nfeng/jdk1.8.0_74/jre/lib/amd64/libjdwp.so
7f79ab9c4000-7f79abbc3000 ---p 00039000 08:08 133154                     /home/nfeng/jdk1.8.0_74/jre/lib/amd64/libjdwp.so
7f79abbc3000-7f79abbc5000 rw-p 00038000 08:08 133154                     /home/nfeng/jdk1.8.0_74/jre/lib/amd64/libjdwp.so
7f79abbc5000-7f79abbef000 r-xp 00000000 08:08 133204                     /home/nfeng/jdk1.8.0_74/jre/lib/amd64/libjava.so
7f79abbef000-7f79abdef000 ---p 0002a000 08:08 133204                     /home/nfeng/jdk1.8.0_74/jre/lib/amd64/libjava.so
7f79abdef000-7f79abdf1000 rw-p 0002a000 08:08 133204                     /home/nfeng/jdk1.8.0_74/jre/lib/amd64/libjava.so
7f79abdf1000-7f79abdfe000 r-xp 00000000 08:08 133158                     /home/nfeng/jdk1.8.0_74/jre/lib/amd64/libverify.so
7f79abdfe000-7f79abffe000 ---p 0000d000 08:08 133158                     /home/nfeng/jdk1.8.0_74/jre/lib/amd64/libverify.so
7f79abffe000-7f79ac000000 rw-p 0000d000 08:08 133158                     /home/nfeng/jdk1.8.0_74/jre/lib/amd64/libverify.so
7f79ac000000-7f79ac16b000 rw-p 00000000 00:00 0 
7f79ac16b000-7f79b0000000 ---p 00000000 00:00 0 
7f79b0009000-7f79b0013000 r--s 00116000 08:08 133233                     /home/nfeng/jdk1.8.0_74/jre/lib/ext/localedata.jar
7f79b0013000-7f79b00aa000 rw-p 00000000 00:00 0 
7f79b00aa000-7f79b00b1000 r-xp 00000000 08:0a 1711642                    /lib/x86_64-linux-gnu/librt-2.23.so
7f79b00b1000-7f79b02b0000 ---p 00007000 08:0a 1711642                    /lib/x86_64-linux-gnu/librt-2.23.so
7f79b02b0000-7f79b02b1000 r--p 00006000 08:0a 1711642                    /lib/x86_64-linux-gnu/librt-2.23.so
7f79b02b1000-7f79b02b2000 rw-p 00007000 08:0a 1711642                    /lib/x86_64-linux-gnu/librt-2.23.so
7f79b02b2000-7f79b03ba000 r-xp 00000000 08:0a 1711639                    /lib/x86_64-linux-gnu/libm-2.23.so
7f79b03ba000-7f79b05b9000 ---p 00108000 08:0a 1711639                    /lib/x86_64-linux-gnu/libm-2.23.so
7f79b05b9000-7f79b05ba000 r--p 00107000 08:0a 1711639                    /lib/x86_64-linux-gnu/libm-2.23.so
7f79b05ba000-7f79b05bb000 rw-p 00108000 08:0a 1711639                    /lib/x86_64-linux-gnu/libm-2.23.so
7f79b05bb000-7f79b127a000 r-xp 00000000 08:08 133208                     /home/nfeng/jdk1.8.0_74/jre/lib/amd64/server/libjvm.so
7f79b127a000-7f79b1479000 ---p 00cbf000 08:08 133208                     /home/nfeng/jdk1.8.0_74/jre/lib/amd64/server/libjvm.so
7f79b1479000-7f79b1552000 rw-p 00cbe000 08:08 133208                     /home/nfeng/jdk1.8.0_74/jre/lib/amd64/server/libjvm.so
7f79b1552000-7f79b159b000 rw-p 00000000 00:00 0 
7f79b159b000-7f79b175a000 r-xp 00000000 08:0a 1711647                    /lib/x86_64-linux-gnu/libc-2.23.so
7f79b175a000-7f79b195a000 ---p 001bf000 08:0a 1711647                    /lib/x86_64-linux-gnu/libc-2.23.so
7f79b195a000-7f79b195e000 r--p 001bf000 08:0a 1711647                    /lib/x86_64-linux-gnu/libc-2.23.so
7f79b195e000-7f79b1960000 rw-p 001c3000 08:0a 1711647                    /lib/x86_64-linux-gnu/libc-2.23.so
7f79b1960000-7f79b1964000 rw-p 00000000 00:00 0 
7f79b1964000-7f79b1967000 r-xp 00000000 08:0a 1711648                    /lib/x86_64-linux-gnu/libdl-2.23.so
7f79b1967000-7f79b1b66000 ---p 00003000 08:0a 1711648                    /lib/x86_64-linux-gnu/libdl-2.23.so
7f79b1b66000-7f79b1b67000 r--p 00002000 08:0a 1711648                    /lib/x86_64-linux-gnu/libdl-2.23.so
7f79b1b67000-7f79b1b68000 rw-p 00003000 08:0a 1711648                    /lib/x86_64-linux-gnu/libdl-2.23.so
7f79b1b68000-7f79b1b7d000 r-xp 00000000 08:08 132292                     /home/nfeng/jdk1.8.0_74/lib/amd64/jli/libjli.so
7f79b1b7d000-7f79b1d7d000 ---p 00015000 08:08 132292                     /home/nfeng/jdk1.8.0_74/lib/amd64/jli/libjli.so
7f79b1d7d000-7f79b1d7e000 rw-p 00015000 08:08 132292                     /home/nfeng/jdk1.8.0_74/lib/amd64/jli/libjli.so
7f79b1d7e000-7f79b1d96000 r-xp 00000000 08:0a 1711646                    /lib/x86_64-linux-gnu/libpthread-2.23.so
7f79b1d96000-7f79b1f95000 ---p 00018000 08:0a 1711646                    /lib/x86_64-linux-gnu/libpthread-2.23.so
7f79b1f95000-7f79b1f96000 r--p 00017000 08:0a 1711646                    /lib/x86_64-linux-gnu/libpthread-2.23.so
7f79b1f96000-7f79b1f97000 rw-p 00018000 08:0a 1711646                    /lib/x86_64-linux-gnu/libpthread-2.23.so
7f79b1f97000-7f79b1f9b000 rw-p 00000000 00:00 0 
7f79b1f9b000-7f79b1fc1000 r-xp 00000000 08:0a 1711643                    /lib/x86_64-linux-gnu/ld-2.23.so
7f79b1fc6000-7f79b1fcd000 r--s 00000000 08:0a 1203440                    /usr/lib/x86_64-linux-gnu/gconv/gconv-modules.cache
7f79b1fcd000-7f79b1fcf000 r--s 0000d000 08:08 157713                     /home/nfeng/jdk1.8.0_74/jre/lib/ext/RXTXcomm.jar
7f79b1fcf000-7f79b208d000 rw-p 00000000 00:00 0 
7f79b208d000-7f79b2090000 ---p 00000000 00:00 0 
7f79b2090000-7f79b2192000 rw-p 00000000 00:00 0 
7f79b2193000-7f79b21b4000 rw-p 00000000 00:00 0 
7f79b21b4000-7f79b21bc000 rw-s 00000000 08:0a 2364                       /tmp/hsperfdata_nfeng/5575
7f79b21bc000-7f79b21bd000 rw-p 00000000 00:00 0 
7f79b21bd000-7f79b21be000 r--p 00000000 00:00 0 
7f79b21be000-7f79b21c0000 rw-p 00000000 00:00 0 
7f79b21c0000-7f79b21c1000 r--p 00025000 08:0a 1711643                    /lib/x86_64-linux-gnu/ld-2.23.so
7f79b21c1000-7f79b21c2000 rw-p 00026000 08:0a 1711643                    /lib/x86_64-linux-gnu/ld-2.23.so
7f79b21c2000-7f79b21c3000 rw-p 00000000 00:00 0 
7ffe0e278000-7ffe0e299000 rw-p 00000000 00:00 0                          [stack]
7ffe0e2cd000-7ffe0e2cf000 r--p 00000000 00:00 0                          [vvar]
7ffe0e2cf000-7ffe0e2d1000 r-xp 00000000 00:00 0                          [vdso]
ffffffffff600000-ffffffffff601000 r-xp 00000000 00:00 0                  [vsyscall]

VM Arguments:
jvm_args: -agentlib:jdwp=transport=dt_socket,suspend=y,address=localhost:34337 -Dfile.encoding=UTF-8 
java_command: serial.Clock
java_class_path (initial): /media/nfeng/d/workspace/PTxCore/bin:/home/nfeng/eclipse_java/eclipse/plugins/org.junit_4.11.0.v201303080030/junit.jar:/home/nfeng/eclipse_java/eclipse/plugins/org.hamcrest.core_1.3.0.v201303031735.jar:/media/nfeng/d/workspace/PTxCore/lib/commons-codec-1.4.jar:/media/nfeng/d/workspace/PTxCore/lib/commons-lang-2.4.jar:/media/nfeng/d/workspace/PTxCore/lib/commons-io-1.4.jar
Launcher Type: SUN_STANDARD

Environment Variables:
PATH=/home/nfeng/bin:/usr/local/sbin:/usr/local/bin:/usr/sbin:/usr/bin:/sbin:/bin:/usr/games:/usr/local/games
LD_LIBRARY_PATH=:/usr/lib/:/usr/lib/x86_64-linux-gnu/:/usr/local/lib/:/usr/local/lib64/:/usr/lib/:/usr/lib/x86_64-linux-gnu/:/usr/local/lib/:/usr/local/lib64/
SHELL=/bin/bash
DISPLAY=:0

Signal Handlers:
SIGSEGV: [libjvm.so+0xabb070], sa_mask[0]=11111111011111111101111111111110, sa_flags=SA_RESTART|SA_SIGINFO
SIGBUS: [libjvm.so+0xabb070], sa_mask[0]=11111111011111111101111111111110, sa_flags=SA_RESTART|SA_SIGINFO
SIGFPE: [libjvm.so+0x918480], sa_mask[0]=11111111011111111101111111111110, sa_flags=SA_RESTART|SA_SIGINFO
SIGPIPE: [libjvm.so+0x918480], sa_mask[0]=11111111011111111101111111111110, sa_flags=SA_RESTART|SA_SIGINFO
SIGXFSZ: [libjvm.so+0x918480], sa_mask[0]=11111111011111111101111111111110, sa_flags=SA_RESTART|SA_SIGINFO
SIGILL: [libjvm.so+0x918480], sa_mask[0]=11111111011111111101111111111110, sa_flags=SA_RESTART|SA_SIGINFO
SIGUSR1: SIG_DFL, sa_mask[0]=00000000000000000000000000000000, sa_flags=none
SIGUSR2: [libjvm.so+0x919ab0], sa_mask[0]=00100000000000000000000000000000, sa_flags=SA_RESTART|SA_SIGINFO
SIGHUP: [libjvm.so+0x91aeb0], sa_mask[0]=11111111011111111101111111111110, sa_flags=SA_RESTART|SA_SIGINFO
SIGINT: [libjvm.so+0x91aeb0], sa_mask[0]=11111111011111111101111111111110, sa_flags=SA_RESTART|SA_SIGINFO
SIGTERM: [libjvm.so+0x91aeb0], sa_mask[0]=11111111011111111101111111111110, sa_flags=SA_RESTART|SA_SIGINFO
SIGQUIT: [libjvm.so+0x91aeb0], sa_mask[0]=11111111011111111101111111111110, sa_flags=SA_RESTART|SA_SIGINFO


---------------  S Y S T E M  ---------------

OS:DISTRIB_ID=Ubuntu
DISTRIB_RELEASE=16.04
DISTRIB_CODENAME=xenial
DISTRIB_DESCRIPTION="Ubuntu 16.04.1 LTS"

uname:Linux 4.4.0-45-generic #66-Ubuntu SMP Wed Oct 19 14:12:37 UTC 2016 x86_64
libc:glibc 2.23 NPTL 2.23 
rlimit: STACK 8192k, CORE 0k, NPROC 47727, NOFILE 65536, AS infinity
load average:0.29 0.67 0.52

/proc/meminfo:
MemTotal:       12258744 kB
MemFree:         9901180 kB
MemAvailable:   10680900 kB
Buffers:          152456 kB
Cached:           868956 kB
SwapCached:            0 kB
Active:          1552828 kB
Inactive:         577732 kB
Active(anon):    1114272 kB
Inactive(anon):    25756 kB
Active(file):     438556 kB
Inactive(file):   551976 kB
Unevictable:        4880 kB
Mlocked:            4880 kB
SwapTotal:       7811068 kB
SwapFree:        7811068 kB
Dirty:               204 kB
Writeback:             0 kB
AnonPages:       1114040 kB
Mapped:           284140 kB
Shmem:             27348 kB
Slab:              91844 kB
SReclaimable:      51340 kB
SUnreclaim:        40504 kB
KernelStack:        8832 kB
PageTables:        35036 kB
NFS_Unstable:          0 kB
Bounce:                0 kB
WritebackTmp:          0 kB
CommitLimit:    13940440 kB
Committed_AS:    4569180 kB
VmallocTotal:   34359738367 kB
VmallocUsed:           0 kB
VmallocChunk:          0 kB
HardwareCorrupted:     0 kB
AnonHugePages:    393216 kB
CmaTotal:              0 kB
CmaFree:               0 kB
HugePages_Total:       0
HugePages_Free:        0
HugePages_Rsvd:        0
HugePages_Surp:        0
Hugepagesize:       2048 kB
DirectMap4k:      202192 kB
DirectMap2M:    12337152 kB


CPU:total 4 (4 cores per cpu, 1 threads per core) family 6 model 42 stepping 7, cmov, cx8, fxsr, mmx, sse, sse2, sse3, ssse3, sse4.1, sse4.2, popcnt, avx, aes, clmul, tsc, tscinvbit

/proc/cpuinfo:
processor	: 0
vendor_id	: GenuineIntel
cpu family	: 6
model		: 42
model name	: Intel(R) Core(TM) i5-2400 CPU @ 3.10GHz
stepping	: 7
microcode	: 0x14
cpu MHz		: 1999.136
cache size	: 6144 KB
physical id	: 0
siblings	: 4
core id		: 0
cpu cores	: 4
apicid		: 0
initial apicid	: 0
fpu		: yes
fpu_exception	: yes
cpuid level	: 13
wp		: yes
flags		: fpu vme de pse tsc msr pae mce cx8 apic sep mtrr pge mca cmov pat pse36 clflush dts acpi mmx fxsr sse sse2 ss ht tm pbe syscall nx rdtscp lm constant_tsc arch_perfmon pebs bts rep_good nopl xtopology nonstop_tsc aperfmperf eagerfpu pni pclmulqdq dtes64 monitor ds_cpl vmx smx est tm2 ssse3 cx16 xtpr pdcm pcid sse4_1 sse4_2 x2apic popcnt tsc_deadline_timer aes xsave avx lahf_lm epb tpr_shadow vnmi flexpriority ept vpid xsaveopt dtherm ida arat pln pts
bugs		:
bogomips	: 6186.09
clflush size	: 64
cache_alignment	: 64
address sizes	: 36 bits physical, 48 bits virtual
power management:

processor	: 1
vendor_id	: GenuineIntel
cpu family	: 6
model		: 42
model name	: Intel(R) Core(TM) i5-2400 CPU @ 3.10GHz
stepping	: 7
microcode	: 0x14
cpu MHz		: 2000.832
cache size	: 6144 KB
physical id	: 0
siblings	: 4
core id		: 1
cpu cores	: 4
apicid		: 2
initial apicid	: 2
fpu		: yes
fpu_exception	: yes
cpuid level	: 13
wp		: yes
flags		: fpu vme de pse tsc msr pae mce cx8 apic sep mtrr pge mca cmov pat pse36 clflush dts acpi mmx fxsr sse sse2 ss ht tm pbe syscall nx rdtscp lm constant_tsc arch_perfmon pebs bts rep_good nopl xtopology nonstop_tsc aperfmperf eagerfpu pni pclmulqdq dtes64 monitor ds_cpl vmx smx est tm2 ssse3 cx16 xtpr pdcm pcid sse4_1 sse4_2 x2apic popcnt tsc_deadline_timer aes xsave avx lahf_lm epb tpr_shadow vnmi flexpriority ept vpid xsaveopt dtherm ida arat pln pts
bugs		:
bogomips	: 6186.09
clflush size	: 64
cache_alignment	: 64
address sizes	: 36 bits physical, 48 bits virtual
power management:

processor	: 2
vendor_id	: GenuineIntel
cpu family	: 6
model		: 42
model name	: Intel(R) Core(TM) i5-2400 CPU @ 3.10GHz
stepping	: 7
microcode	: 0x14
cpu MHz		: 1999.257
cache size	: 6144 KB
physical id	: 0
siblings	: 4
core id		: 2
cpu cores	: 4
apicid		: 4
initial apicid	: 4
fpu		: yes
fpu_exception	: yes
cpuid level	: 13
wp		: yes
flags		: fpu vme de pse tsc msr pae mce cx8 apic sep mtrr pge mca cmov pat pse36 clflush dts acpi mmx fxsr sse sse2 ss ht tm pbe syscall nx rdtscp lm constant_tsc arch_perfmon pebs bts rep_good nopl xtopology nonstop_tsc aperfmperf eagerfpu pni pclmulqdq dtes64 monitor ds_cpl vmx smx est tm2 ssse3 cx16 xtpr pdcm pcid sse4_1 sse4_2 x2apic popcnt tsc_deadline_timer aes xsave avx lahf_lm epb tpr_shadow vnmi flexpriority ept vpid xsaveopt dtherm ida arat pln pts
bugs		:
bogomips	: 6186.09
clflush size	: 64
cache_alignment	: 64
address sizes	: 36 bits physical, 48 bits virtual
power management:

processor	: 3
vendor_id	: GenuineIntel
cpu family	: 6
model		: 42
model name	: Intel(R) Core(TM) i5-2400 CPU @ 3.10GHz
stepping	: 7
microcode	: 0x14
cpu MHz		: 2095.042
cache size	: 6144 KB
physical id	: 0
siblings	: 4
core id		: 3
cpu cores	: 4
apicid		: 6
initial apicid	: 6
fpu		: yes
fpu_exception	: yes
cpuid level	: 13
wp		: yes
flags		: fpu vme de pse tsc msr pae mce cx8 apic sep mtrr pge mca cmov pat pse36 clflush dts acpi mmx fxsr sse sse2 ss ht tm pbe syscall nx rdtscp lm constant_tsc arch_perfmon pebs bts rep_good nopl xtopology nonstop_tsc aperfmperf eagerfpu pni pclmulqdq dtes64 monitor ds_cpl vmx smx est tm2 ssse3 cx16 xtpr pdcm pcid sse4_1 sse4_2 x2apic popcnt tsc_deadline_timer aes xsave avx lahf_lm epb tpr_shadow vnmi flexpriority ept vpid xsaveopt dtherm ida arat pln pts
bugs		:
bogomips	: 6186.09
clflush size	: 64
cache_alignment	: 64
address sizes	: 36 bits physical, 48 bits virtual
power management:



Memory: 4k page, physical 12258744k(9901180k free), swap 7811068k(7811068k free)

vm_info: Java HotSpot(TM) 64-Bit Server VM (25.74-b02) for linux-amd64 JRE (1.8.0_74-b02), built on Jan 29 2016 19:20:56 by "java_re" with gcc 4.3.0 20080428 (Red Hat 4.3.0-8)

time: Wed Oct 26 09:54:43 2016
elapsed time: 13 seconds (0d 0h 0m 13s)

